#00.0000	0.000000
#100.0200	-0.000111
#200.0400	-0.000222
#300.0600	-0.000334
#400.0800	-0.000445
#500.1000	-0.000556
#600.1200	-0.000667
#700.1400	-0.000778
#800.1600	-0.000889
#900.1800	-0.001001
#1000.2000	-0.001112
#1100.2200	-0.001223
#1200.2400	-0.001334
#1300.2600	-0.001445
#1400.2800	-0.001557
#1500.3000	-0.001668
#1600.3200	-0.001779
#1700.3400	-0.001890
#1800.3600	-0.002001
#1900.3800	-0.002112
#2000.4000	-0.002224
#2100.4200	-0.002335
#2200.4400	-0.002446
#2300.4600	-0.002557
#2400.4800	-0.002668
#2500.5000	-0.002780
#2600.5200	-0.002891
#2700.5400	-0.003002
#2800.5600	-0.003113
#2900.5800	-0.003224
#3000.6000	-0.003336
#3100.6200	-0.003447
#3200.6400	-0.003558
#3300.6600	-0.003669
#3400.6800	-0.003780
#3500.7000	-0.003891
#3600.7200	-0.004003
#3700.7400	-0.004114
#3800.7600	-0.004225
#3900.7800	-0.004336
#4000.8000	-0.004447
#4100.8200	-0.004559
#4200.8400	-0.004670
#4300.8600	-0.004781
#4400.8800	-0.004892
#4500.9000	-0.005003
#4600.9200	-0.005114
#4700.9400	-0.005226
#4800.9600	-0.005337
#4900.9800	-0.005448
#00.0000	0.000000
#100.0200	-0.000111
#200.0400	-0.000222
#300.0600	-0.000334
#400.0800	-0.000445
#500.1000	-0.000556
#600.1200	-0.000667
#700.1400	-0.000778
#800.1600	-0.000889
#900.1800	-0.001001
#1000.2000	-0.001112
#1100.2200	-0.001223
#1200.2400	-0.001334
#1300.2600	-0.001445
#1400.2800	-0.001557
#1500.3000	-0.001668
#1600.3200	-0.001779
#1700.3400	-0.001890
#1800.3600	-0.002001
#1900.3800	-0.002112
#2000.4000	-0.002224
#2100.4200	-0.002335
#2200.4400	-0.002446
#2300.4600	-0.002557
#2400.4800	-0.002668
#2500.5000	-0.002780
#2600.5200	-0.002891
#2700.5400	-0.003002
#2800.5600	-0.003113
#2900.5800	-0.003224
#3000.6000	-0.003336
#3100.6200	-0.003447
#3200.6400	-0.003558
#3300.6600	-0.003669
#3400.6800	-0.003780
#3500.7000	-0.003891
#3600.7200	-0.004003
#3700.7400	-0.004114
#3800.7600	-0.004225
#3900.7800	-0.004336
#4000.8000	-0.004447
#4100.8200	-0.004559
#4200.8400	-0.004670
#4300.8600	-0.004781
#4400.8800	-0.004892
#4500.9000	-0.005003
#4600.9200	-0.005114
#4700.9400	-0.005226
#4800.9600	-0.005337
#4900.9800	-0.005448
